Base path: C:/Program Files (x86)/Unity/Editor/Data
Pipe name: \\.\pipe\UnityShaderCompiler-6-7120
Cmd: getPlatforms
Cmd: compileSnippet
  api=8 type=1 insize=997 outsize=1219 kw= ok=1
Cmd: compileSnippet
  api=0 type=0 insize=3201 outsize=375 kw= ok=1
Cmd: compileSnippet
  api=0 type=1 insize=3217 outsize=426 kw= ok=1
Cmd: compileSnippet
  api=8 type=1 insize=3209 outsize=1187 kw= ok=1
Cmd: compileSnippet
  api=8 type=0 insize=3218 outsize=2462 kw= ok=1
Cmd: compileSnippet
  api=0 type=1 insize=3211 outsize=214 kw= ok=1
Cmd: compileSnippet
  api=4 type=1 insize=3204 outsize=559 kw= ok=1
Cmd: compileSnippet
  api=8 type=1 insize=3208 outsize=1057 kw= ok=1
Cmd: compileSnippet
  api=4 type=1 insize=4669 outsize=811 kw= ok=1
Cmd: compileSnippet
  api=0 type=1 insize=4674 outsize=569 kw= ok=1
Cmd: compileSnippet
  api=0 type=0 insize=4679 outsize=757 kw= ok=1
Cmd: compileSnippet
  api=0 type=0 insize=4685 outsize=691 kw= ok=1
Cmd: compileSnippet
  api=0 type=0 insize=3824 outsize=328 kw= ok=1
Cmd: compileSnippet
  api=0 type=0 insize=3814 outsize=328 kw= ok=1
Cmd: compileSnippet
  api=0 type=1 insize=617 outsize=127 kw= ok=1
Cmd: compileSnippet
  api=4 type=1 insize=952 outsize=811 kw= ok=1
